2022-10-31 21:21:29,133:INFO:PyCaret Supervised Module
2022-10-31 21:21:29,133:INFO:ML Usecase: regression
2022-10-31 21:21:29,133:INFO:version 2.3.10
2022-10-31 21:21:29,133:INFO:Initializing setup()
2022-10-31 21:21:29,133:INFO:setup(target=base_score, ml_usecase=regression, available_plots={'parameter': 'Hyperparameters', 'residuals': 'Residuals', 'error': 'Prediction Error', 'cooks': 'Cooks Distance', 'rfe': 'Feature Selection', 'learning': 'Learning Curve', 'manifold': 'Manifold Learning', 'vc': 'Validation Curve', 'feature': 'Feature Importance', 'feature_all': 'Feature Importance (All)', 'tree': 'Decision Tree', 'residuals_interactive': 'Interactive Residuals'}, train_size=0.7, test_data=None, preprocess=True, imputation_type=simple, iterative_imputation_iters=5, categorical_features=None, categorical_imputation=constant, categorical_iterative_imputer=lightgbm, ordinal_features=None, high_cardinality_features=None, high_cardinality_method=frequency, numeric_features=None, numeric_imputation=mean, numeric_iterative_imputer=lightgbm, date_features=None, ignore_features=None, normalize=False, normalize_method=zscore, transformation=False, transformation_method=yeo-johnson, handle_unknown_categorical=True, unknown_categorical_method=least_frequent, pca=False, pca_method=linear, pca_components=None, ignore_low_variance=False, combine_rare_levels=False, rare_level_threshold=0.1, bin_numeric_features=None, remove_outliers=False, outliers_threshold=0.05, remove_multicollinearity=False, multicollinearity_threshold=0.9, remove_perfect_collinearity=True, create_clusters=False, cluster_iter=20, polynomial_features=False, polynomial_degree=2, trigonometry_features=False, polynomial_threshold=0.1, group_features=None, group_names=None, feature_selection=False, feature_selection_threshold=0.8, feature_selection_method=classic, feature_interaction=False, feature_ratio=False, interaction_threshold=0.01, fix_imbalance=False, fix_imbalance_method=None, transform_target=False, transform_target_method=box-cox, data_split_shuffle=True, data_split_stratify=False, fold_strategy=kfold, fold=10, fold_shuffle=False, fold_groups=None, n_jobs=-1, use_gpu=False, custom_pipeline=None, html=True, session_id=None, log_experiment=False, experiment_name=None, experiment_custom_tags=None, log_plots=False, log_profile=False, log_data=False, silent=False, verbose=True, profile=False, profile_kwargs=None, display=None)
2022-10-31 21:21:29,133:INFO:Checking environment
2022-10-31 21:21:29,133:INFO:python_version: 3.8.13
2022-10-31 21:21:29,133:INFO:python_build: ('default', 'Mar 28 2022 11:38:47')
2022-10-31 21:21:29,133:INFO:machine: x86_64
2022-10-31 21:21:29,133:INFO:platform: Linux-5.10.102.1-microsoft-standard-WSL2-x86_64-with-glibc2.17
2022-10-31 21:21:29,133:INFO:Memory: svmem(total=7992418304, available=6841884672, percent=14.4, used=898244608, free=6204235776, active=227119104, inactive=1226678272, buffers=64876544, cached=825061376, shared=45056, slab=104665088)
2022-10-31 21:21:29,134:INFO:Physical Core: 6
2022-10-31 21:21:29,134:INFO:Logical Core: 12
2022-10-31 21:21:29,134:INFO:Checking libraries
2022-10-31 21:21:29,134:INFO:pd==1.4.4
2022-10-31 21:21:29,134:INFO:numpy==1.20.3
2022-10-31 21:21:29,134:INFO:sklearn==0.23.2
2022-10-31 21:21:29,134:INFO:lightgbm==3.3.2
2022-10-31 21:21:29,255:INFO:catboost==1.1
2022-10-31 21:21:29,255:INFO:xgboost==1.6.2
2022-10-31 21:21:29,255:INFO:mlflow==1.29.0
2022-10-31 21:21:29,255:INFO:Checking Exceptions
2022-10-31 21:21:29,256:INFO:Declaring global variables
2022-10-31 21:21:29,256:INFO:USI: 5b69
2022-10-31 21:21:29,256:INFO:pycaret_globals: {'imputation_classifier', 'y', 'dashboard_logger', '_ml_usecase', '_internal_pipeline', 'fold_groups_param', 'X_test', '_gpu_n_jobs_param', 'log_plots_param', 'imputation_regressor', 'y_train', 'create_model_container', 'iterative_imputation_iters_param', 'fold_shuffle_param', 'stratify_param', 'X', '_all_metrics', 'fold_groups_param_full', 'USI', 'fix_imbalance_param', 'fold_param', 'display_container', 'target_param', 'transform_target_method_param', 'experiment__', 'master_model_container', 'seed', 'data_before_preprocess', 'gpu_param', 'fold_generator', 'n_jobs_param', 'exp_name_log', '_all_models_internal', 'X_train', '_available_plots', 'prep_pipe', 'fix_imbalance_method_param', 'pycaret_globals', 'y_test', '_all_models', 'html_param', 'transform_target_param', 'logging_param'}
2022-10-31 21:21:29,256:INFO:Preparing display monitor
2022-10-31 21:21:29,256:INFO:Preparing display monitor
2022-10-31 21:21:29,270:INFO:Importing libraries
2022-10-31 21:21:29,270:INFO:Copying data for preprocessing
2022-10-31 21:21:29,295:INFO:Declaring preprocessing parameters
2022-10-31 21:21:29,307:INFO:Creating preprocessing pipeline
2022-10-31 21:21:29,480:INFO:Preprocessing pipeline created successfully
2022-10-31 21:21:29,480:ERROR:(Process Exit): setup has been interupted with user command 'quit'. setup must rerun.
2022-10-31 21:21:29,480:INFO:Creating global containers
2022-10-31 21:21:29,482:INFO:Internal pipeline: Pipeline(memory=None, steps=[('empty_step', 'passthrough')], verbose=False)
2022-10-31 21:21:34,261:INFO:Creating grid variables
2022-10-31 21:21:34,275:INFO:create_model_container: 0
2022-10-31 21:21:34,275:INFO:master_model_container: 0
2022-10-31 21:21:34,275:INFO:display_container: 1
2022-10-31 21:21:34,278:INFO:Pipeline(memory=None,
         steps=[('dtypes',
                 DataTypes_Auto_infer(categorical_features=[],
                                      display_types=True, features_todrop=[],
                                      id_columns=[], ml_usecase='regression',
                                      numerical_features=[],
                                      target='base_score', time_features=[])),
                ('imputer',
                 Simple_Imputer(categorical_strategy='not_available',
                                fill_value_categorical=None,
                                fill_value_numerical=None,
                                numeric_strat...
                ('scaling', 'passthrough'), ('P_transform', 'passthrough'),
                ('binn', 'passthrough'), ('rem_outliers', 'passthrough'),
                ('cluster_all', 'passthrough'),
                ('dummy', Dummify(target='base_score')),
                ('fix_perfect', Remove_100(target='base_score')),
                ('clean_names', Clean_Colum_Names()),
                ('feature_select', 'passthrough'), ('fix_multi', 'passthrough'),
                ('dfs', 'passthrough'), ('pca', 'passthrough')],
         verbose=False)
2022-10-31 21:21:34,278:INFO:setup() succesfully completed......................................
2022-10-31 21:21:48,615:INFO:Initializing compare_models()
2022-10-31 21:21:48,615:INFO:compare_models(include=None, fold=None, round=4, cross_validation=True, sort=R2, n_select=1, budget_time=None, turbo=True, errors=ignore, fit_kwargs=None, groups=None, experiment_custom_tags=None, probability_threshold=None, verbose=True, display=None, exclude=None)
2022-10-31 21:21:48,615:INFO:Checking exceptions
2022-10-31 21:21:48,616:INFO:Preparing display monitor
2022-10-31 21:21:48,616:INFO:Preparing display monitor
2022-10-31 21:21:48,635:INFO:Initializing Linear Regression
2022-10-31 21:21:48,635:INFO:Total runtime is 3.957748413085938e-06 minutes
2022-10-31 21:21:48,641:INFO:SubProcess create_model() called ==================================
2022-10-31 21:21:48,641:INFO:Initializing create_model()
2022-10-31 21:21:48,641:INFO:create_model(estimator=lr, fold=KFold(n_splits=10, random_state=None, shuffle=False), round=4, cross_validation=True, predict=True, fit_kwargs={}, groups=None, refit=False, verbose=False, system=False, metrics=None, experiment_custom_tags=None, add_to_model_list=True, probability_threshold=None, display=<pycaret.internal.Display.Display object at 0x7f970ee1f610>, return_train_score=False, kwargs={})
2022-10-31 21:21:48,641:INFO:Checking exceptions
2022-10-31 21:21:48,641:INFO:Importing libraries
2022-10-31 21:21:48,641:INFO:Copying training dataset
2022-10-31 21:21:48,643:INFO:Defining folds
2022-10-31 21:21:48,643:INFO:Declaring metric variables
2022-10-31 21:21:48,649:INFO:Importing untrained model
2022-10-31 21:21:48,654:INFO:Linear Regression Imported succesfully
2022-10-31 21:21:48,665:INFO:Starting cross validation
2022-10-31 21:21:48,669:INFO:Cross validating with KFold(n_splits=10, random_state=None, shuffle=False), n_jobs=-1
2022-10-31 21:21:51,266:INFO:Calculating mean and std
2022-10-31 21:21:51,267:INFO:Creating metrics dataframe
2022-10-31 21:21:51,273:INFO:Uploading results into container
2022-10-31 21:21:51,273:INFO:Uploading model into container now
2022-10-31 21:21:51,273:INFO:create_model_container: 1
2022-10-31 21:21:51,273:INFO:master_model_container: 1
2022-10-31 21:21:51,273:INFO:display_container: 2
2022-10-31 21:21:51,273:INFO:LinearRegression(copy_X=True, fit_intercept=True, n_jobs=-1, normalize=False)
2022-10-31 21:21:51,273:INFO:create_model() succesfully completed......................................
2022-10-31 21:21:51,433:INFO:SubProcess create_model() end ==================================
2022-10-31 21:21:51,433:INFO:Creating metrics dataframe
2022-10-31 21:21:51,441:INFO:Initializing Lasso Regression
2022-10-31 21:21:51,441:INFO:Total runtime is 0.04676469167073568 minutes
2022-10-31 21:21:51,447:INFO:SubProcess create_model() called ==================================
2022-10-31 21:21:51,447:INFO:Initializing create_model()
2022-10-31 21:21:51,447:INFO:create_model(estimator=lasso, fold=KFold(n_splits=10, random_state=None, shuffle=False), round=4, cross_validation=True, predict=True, fit_kwargs={}, groups=None, refit=False, verbose=False, system=False, metrics=None, experiment_custom_tags=None, add_to_model_list=True, probability_threshold=None, display=<pycaret.internal.Display.Display object at 0x7f970ee1f610>, return_train_score=False, kwargs={})
2022-10-31 21:21:51,447:INFO:Checking exceptions
2022-10-31 21:21:51,447:INFO:Importing libraries
2022-10-31 21:21:51,447:INFO:Copying training dataset
2022-10-31 21:21:51,450:INFO:Defining folds
2022-10-31 21:21:51,450:INFO:Declaring metric variables
2022-10-31 21:21:51,455:INFO:Importing untrained model
2022-10-31 21:21:51,460:INFO:Lasso Regression Imported succesfully
2022-10-31 21:21:51,470:INFO:Starting cross validation
2022-10-31 21:21:51,470:INFO:Cross validating with KFold(n_splits=10, random_state=None, shuffle=False), n_jobs=-1
2022-10-31 21:21:52,581:INFO:Calculating mean and std
2022-10-31 21:21:52,582:INFO:Creating metrics dataframe
2022-10-31 21:21:52,587:INFO:Uploading results into container
2022-10-31 21:21:52,587:INFO:Uploading model into container now
2022-10-31 21:21:52,587:INFO:create_model_container: 2
2022-10-31 21:21:52,587:INFO:master_model_container: 2
2022-10-31 21:21:52,587:INFO:display_container: 2
2022-10-31 21:21:52,587:INFO:Lasso(alpha=1.0, copy_X=True, fit_intercept=True, max_iter=1000,
      normalize=False, positive=False, precompute=False, random_state=8905,
      selection='cyclic', tol=0.0001, warm_start=False)
2022-10-31 21:21:52,588:INFO:create_model() succesfully completed......................................
2022-10-31 21:21:52,731:INFO:SubProcess create_model() end ==================================
2022-10-31 21:21:52,731:INFO:Creating metrics dataframe
2022-10-31 21:21:52,738:INFO:Initializing Ridge Regression
2022-10-31 21:21:52,738:INFO:Total runtime is 0.06838948726654052 minutes
2022-10-31 21:21:52,744:INFO:SubProcess create_model() called ==================================
2022-10-31 21:21:52,744:INFO:Initializing create_model()
2022-10-31 21:21:52,744:INFO:create_model(estimator=ridge, fold=KFold(n_splits=10, random_state=None, shuffle=False), round=4, cross_validation=True, predict=True, fit_kwargs={}, groups=None, refit=False, verbose=False, system=False, metrics=None, experiment_custom_tags=None, add_to_model_list=True, probability_threshold=None, display=<pycaret.internal.Display.Display object at 0x7f970ee1f610>, return_train_score=False, kwargs={})
2022-10-31 21:21:52,744:INFO:Checking exceptions
2022-10-31 21:21:52,744:INFO:Importing libraries
2022-10-31 21:21:52,744:INFO:Copying training dataset
2022-10-31 21:21:52,746:INFO:Defining folds
2022-10-31 21:21:52,747:INFO:Declaring metric variables
2022-10-31 21:21:52,752:INFO:Importing untrained model
2022-10-31 21:21:52,758:INFO:Ridge Regression Imported succesfully
2022-10-31 21:21:52,768:INFO:Starting cross validation
2022-10-31 21:21:52,768:INFO:Cross validating with KFold(n_splits=10, random_state=None, shuffle=False), n_jobs=-1
2022-10-31 21:21:52,953:INFO:Calculating mean and std
2022-10-31 21:21:52,954:INFO:Creating metrics dataframe
2022-10-31 21:21:52,958:INFO:Uploading results into container
2022-10-31 21:21:52,958:INFO:Uploading model into container now
2022-10-31 21:21:52,958:INFO:create_model_container: 3
2022-10-31 21:21:52,959:INFO:master_model_container: 3
2022-10-31 21:21:52,959:INFO:display_container: 2
2022-10-31 21:21:52,959:INFO:Ridge(alpha=1.0, copy_X=True, fit_intercept=True, max_iter=None,
      normalize=False, random_state=8905, solver='auto', tol=0.001)
2022-10-31 21:21:52,959:INFO:create_model() succesfully completed......................................
2022-10-31 21:21:53,101:INFO:SubProcess create_model() end ==================================
2022-10-31 21:21:53,101:INFO:Creating metrics dataframe
2022-10-31 21:21:53,110:INFO:Initializing Elastic Net
2022-10-31 21:21:53,110:INFO:Total runtime is 0.0745960235595703 minutes
2022-10-31 21:21:53,116:INFO:SubProcess create_model() called ==================================
2022-10-31 21:21:53,117:INFO:Initializing create_model()
2022-10-31 21:21:53,117:INFO:create_model(estimator=en, fold=KFold(n_splits=10, random_state=None, shuffle=False), round=4, cross_validation=True, predict=True, fit_kwargs={}, groups=None, refit=False, verbose=False, system=False, metrics=None, experiment_custom_tags=None, add_to_model_list=True, probability_threshold=None, display=<pycaret.internal.Display.Display object at 0x7f970ee1f610>, return_train_score=False, kwargs={})
2022-10-31 21:21:53,117:INFO:Checking exceptions
2022-10-31 21:21:53,117:INFO:Importing libraries
2022-10-31 21:21:53,117:INFO:Copying training dataset
2022-10-31 21:21:53,118:INFO:Defining folds
2022-10-31 21:21:53,119:INFO:Declaring metric variables
2022-10-31 21:21:53,123:INFO:Importing untrained model
2022-10-31 21:21:53,128:INFO:Elastic Net Imported succesfully
2022-10-31 21:21:53,138:INFO:Starting cross validation
2022-10-31 21:21:53,138:INFO:Cross validating with KFold(n_splits=10, random_state=None, shuffle=False), n_jobs=-1
2022-10-31 21:21:53,342:INFO:Calculating mean and std
2022-10-31 21:21:53,343:INFO:Creating metrics dataframe
2022-10-31 21:21:53,348:INFO:Uploading results into container
2022-10-31 21:21:53,348:INFO:Uploading model into container now
2022-10-31 21:21:53,348:INFO:create_model_container: 4
2022-10-31 21:21:53,348:INFO:master_model_container: 4
2022-10-31 21:21:53,348:INFO:display_container: 2
2022-10-31 21:21:53,348:INFO:ElasticNet(alpha=1.0, copy_X=True, fit_intercept=True, l1_ratio=0.5,
           max_iter=1000, normalize=False, positive=False, precompute=False,
           random_state=8905, selection='cyclic', tol=0.0001, warm_start=False)
2022-10-31 21:21:53,348:INFO:create_model() succesfully completed......................................
2022-10-31 21:21:53,493:INFO:SubProcess create_model() end ==================================
2022-10-31 21:21:53,494:INFO:Creating metrics dataframe
2022-10-31 21:21:53,503:INFO:Initializing Least Angle Regression
2022-10-31 21:21:53,503:INFO:Total runtime is 0.08113984664281208 minutes
2022-10-31 21:21:53,509:INFO:SubProcess create_model() called ==================================
2022-10-31 21:21:53,509:INFO:Initializing create_model()
2022-10-31 21:21:53,509:INFO:create_model(estimator=lar, fold=KFold(n_splits=10, random_state=None, shuffle=False), round=4, cross_validation=True, predict=True, fit_kwargs={}, groups=None, refit=False, verbose=False, system=False, metrics=None, experiment_custom_tags=None, add_to_model_list=True, probability_threshold=None, display=<pycaret.internal.Display.Display object at 0x7f970ee1f610>, return_train_score=False, kwargs={})
2022-10-31 21:21:53,509:INFO:Checking exceptions
2022-10-31 21:21:53,509:INFO:Importing libraries
2022-10-31 21:21:53,509:INFO:Copying training dataset
2022-10-31 21:21:53,511:INFO:Defining folds
2022-10-31 21:21:53,511:INFO:Declaring metric variables
2022-10-31 21:21:53,517:INFO:Importing untrained model
2022-10-31 21:21:53,521:INFO:Least Angle Regression Imported succesfully
2022-10-31 21:21:53,532:INFO:Starting cross validation
2022-10-31 21:21:53,533:INFO:Cross validating with KFold(n_splits=10, random_state=None, shuffle=False), n_jobs=-1
2022-10-31 21:21:53,754:INFO:Calculating mean and std
2022-10-31 21:21:53,756:INFO:Creating metrics dataframe
2022-10-31 21:21:53,760:INFO:Uploading results into container
2022-10-31 21:21:53,760:INFO:Uploading model into container now
2022-10-31 21:21:53,760:INFO:create_model_container: 5
2022-10-31 21:21:53,760:INFO:master_model_container: 5
2022-10-31 21:21:53,760:INFO:display_container: 2
2022-10-31 21:21:53,760:INFO:Lars(copy_X=True, eps=2.220446049250313e-16, fit_intercept=True, fit_path=True,
     jitter=None, n_nonzero_coefs=500, normalize=True, precompute='auto',
     random_state=8905, verbose=False)
2022-10-31 21:21:53,761:INFO:create_model() succesfully completed......................................
2022-10-31 21:21:53,903:INFO:SubProcess create_model() end ==================================
2022-10-31 21:21:53,903:INFO:Creating metrics dataframe
2022-10-31 21:21:53,912:INFO:Initializing Lasso Least Angle Regression
2022-10-31 21:21:53,912:INFO:Total runtime is 0.08796250820159911 minutes
2022-10-31 21:21:53,918:INFO:SubProcess create_model() called ==================================
2022-10-31 21:21:53,918:INFO:Initializing create_model()
2022-10-31 21:21:53,918:INFO:create_model(estimator=llar, fold=KFold(n_splits=10, random_state=None, shuffle=False), round=4, cross_validation=True, predict=True, fit_kwargs={}, groups=None, refit=False, verbose=False, system=False, metrics=None, experiment_custom_tags=None, add_to_model_list=True, probability_threshold=None, display=<pycaret.internal.Display.Display object at 0x7f970ee1f610>, return_train_score=False, kwargs={})
2022-10-31 21:21:53,918:INFO:Checking exceptions
2022-10-31 21:21:53,918:INFO:Importing libraries
2022-10-31 21:21:53,918:INFO:Copying training dataset
2022-10-31 21:21:53,920:INFO:Defining folds
2022-10-31 21:21:53,920:INFO:Declaring metric variables
2022-10-31 21:21:53,925:INFO:Importing untrained model
2022-10-31 21:21:53,930:INFO:Lasso Least Angle Regression Imported succesfully
2022-10-31 21:21:53,941:INFO:Starting cross validation
2022-10-31 21:21:53,941:INFO:Cross validating with KFold(n_splits=10, random_state=None, shuffle=False), n_jobs=-1
2022-10-31 21:21:54,136:INFO:Calculating mean and std
2022-10-31 21:21:54,137:INFO:Creating metrics dataframe
2022-10-31 21:21:54,141:INFO:Uploading results into container
2022-10-31 21:21:54,142:INFO:Uploading model into container now
2022-10-31 21:21:54,142:INFO:create_model_container: 6
2022-10-31 21:21:54,142:INFO:master_model_container: 6
2022-10-31 21:21:54,142:INFO:display_container: 2
2022-10-31 21:21:54,142:INFO:LassoLars(alpha=1.0, copy_X=True, eps=2.220446049250313e-16, fit_intercept=True,
          fit_path=True, jitter=None, max_iter=500, normalize=True,
          positive=False, precompute='auto', random_state=8905, verbose=False)
2022-10-31 21:21:54,142:INFO:create_model() succesfully completed......................................
2022-10-31 21:21:54,285:INFO:SubProcess create_model() end ==================================
2022-10-31 21:21:54,285:INFO:Creating metrics dataframe
2022-10-31 21:21:54,294:INFO:Initializing Orthogonal Matching Pursuit
2022-10-31 21:21:54,294:INFO:Total runtime is 0.09432363907496133 minutes
2022-10-31 21:21:54,299:INFO:SubProcess create_model() called ==================================
2022-10-31 21:21:54,300:INFO:Initializing create_model()
2022-10-31 21:21:54,300:INFO:create_model(estimator=omp, fold=KFold(n_splits=10, random_state=None, shuffle=False), round=4, cross_validation=True, predict=True, fit_kwargs={}, groups=None, refit=False, verbose=False, system=False, metrics=None, experiment_custom_tags=None, add_to_model_list=True, probability_threshold=None, display=<pycaret.internal.Display.Display object at 0x7f970ee1f610>, return_train_score=False, kwargs={})
2022-10-31 21:21:54,300:INFO:Checking exceptions
2022-10-31 21:21:54,300:INFO:Importing libraries
2022-10-31 21:21:54,300:INFO:Copying training dataset
2022-10-31 21:21:54,301:INFO:Defining folds
2022-10-31 21:21:54,302:INFO:Declaring metric variables
2022-10-31 21:21:54,307:INFO:Importing untrained model
2022-10-31 21:21:54,311:INFO:Orthogonal Matching Pursuit Imported succesfully
2022-10-31 21:21:54,322:INFO:Starting cross validation
2022-10-31 21:21:54,322:INFO:Cross validating with KFold(n_splits=10, random_state=None, shuffle=False), n_jobs=-1
2022-10-31 21:21:54,524:INFO:Calculating mean and std
2022-10-31 21:21:54,525:INFO:Creating metrics dataframe
2022-10-31 21:21:54,529:INFO:Uploading results into container
2022-10-31 21:21:54,529:INFO:Uploading model into container now
2022-10-31 21:21:54,529:INFO:create_model_container: 7
2022-10-31 21:21:54,530:INFO:master_model_container: 7
2022-10-31 21:21:54,530:INFO:display_container: 2
2022-10-31 21:21:54,530:INFO:OrthogonalMatchingPursuit(fit_intercept=True, n_nonzero_coefs=None,
                          normalize=True, precompute='auto', tol=None)
2022-10-31 21:21:54,530:INFO:create_model() succesfully completed......................................
2022-10-31 21:21:54,672:INFO:SubProcess create_model() end ==================================
2022-10-31 21:21:54,672:INFO:Creating metrics dataframe
2022-10-31 21:21:54,681:INFO:Initializing Bayesian Ridge
2022-10-31 21:21:54,681:INFO:Total runtime is 0.10077166954676309 minutes
2022-10-31 21:21:54,686:INFO:SubProcess create_model() called ==================================
2022-10-31 21:21:54,687:INFO:Initializing create_model()
2022-10-31 21:21:54,687:INFO:create_model(estimator=br, fold=KFold(n_splits=10, random_state=None, shuffle=False), round=4, cross_validation=True, predict=True, fit_kwargs={}, groups=None, refit=False, verbose=False, system=False, metrics=None, experiment_custom_tags=None, add_to_model_list=True, probability_threshold=None, display=<pycaret.internal.Display.Display object at 0x7f970ee1f610>, return_train_score=False, kwargs={})
2022-10-31 21:21:54,687:INFO:Checking exceptions
2022-10-31 21:21:54,687:INFO:Importing libraries
2022-10-31 21:21:54,687:INFO:Copying training dataset
2022-10-31 21:21:54,688:INFO:Defining folds
2022-10-31 21:21:54,688:INFO:Declaring metric variables
2022-10-31 21:21:54,693:INFO:Importing untrained model
2022-10-31 21:21:54,698:INFO:Bayesian Ridge Imported succesfully
2022-10-31 21:21:54,707:INFO:Starting cross validation
2022-10-31 21:21:54,708:INFO:Cross validating with KFold(n_splits=10, random_state=None, shuffle=False), n_jobs=-1
2022-10-31 21:21:57,323:INFO:Calculating mean and std
2022-10-31 21:21:57,325:INFO:Creating metrics dataframe
2022-10-31 21:21:57,329:INFO:Uploading results into container
2022-10-31 21:21:57,329:INFO:Uploading model into container now
2022-10-31 21:21:57,329:INFO:create_model_container: 8
2022-10-31 21:21:57,329:INFO:master_model_container: 8
2022-10-31 21:21:57,329:INFO:display_container: 2
2022-10-31 21:21:57,330:INFO:BayesianRidge(alpha_1=1e-06, alpha_2=1e-06, alpha_init=None,
              compute_score=False, copy_X=True, fit_intercept=True,
              lambda_1=1e-06, lambda_2=1e-06, lambda_init=None, n_iter=300,
              normalize=False, tol=0.001, verbose=False)
2022-10-31 21:21:57,330:INFO:create_model() succesfully completed......................................
2022-10-31 21:21:57,474:INFO:SubProcess create_model() end ==================================
2022-10-31 21:21:57,474:INFO:Creating metrics dataframe
2022-10-31 21:21:57,482:INFO:Initializing Passive Aggressive Regressor
2022-10-31 21:21:57,482:INFO:Total runtime is 0.14745963414510088 minutes
2022-10-31 21:21:57,488:INFO:SubProcess create_model() called ==================================
2022-10-31 21:21:57,488:INFO:Initializing create_model()
2022-10-31 21:21:57,488:INFO:create_model(estimator=par, fold=KFold(n_splits=10, random_state=None, shuffle=False), round=4, cross_validation=True, predict=True, fit_kwargs={}, groups=None, refit=False, verbose=False, system=False, metrics=None, experiment_custom_tags=None, add_to_model_list=True, probability_threshold=None, display=<pycaret.internal.Display.Display object at 0x7f970ee1f610>, return_train_score=False, kwargs={})
2022-10-31 21:21:57,488:INFO:Checking exceptions
2022-10-31 21:21:57,488:INFO:Importing libraries
2022-10-31 21:21:57,488:INFO:Copying training dataset
2022-10-31 21:21:57,490:INFO:Defining folds
2022-10-31 21:21:57,490:INFO:Declaring metric variables
2022-10-31 21:21:57,496:INFO:Importing untrained model
2022-10-31 21:21:57,502:INFO:Passive Aggressive Regressor Imported succesfully
2022-10-31 21:21:57,511:INFO:Starting cross validation
2022-10-31 21:21:57,512:INFO:Cross validating with KFold(n_splits=10, random_state=None, shuffle=False), n_jobs=-1
2022-10-31 21:21:57,895:INFO:Calculating mean and std
2022-10-31 21:21:57,897:INFO:Creating metrics dataframe
2022-10-31 21:21:57,901:INFO:Uploading results into container
2022-10-31 21:21:57,902:INFO:Uploading model into container now
2022-10-31 21:21:57,902:INFO:create_model_container: 9
2022-10-31 21:21:57,902:INFO:master_model_container: 9
2022-10-31 21:21:57,903:INFO:display_container: 2
2022-10-31 21:21:57,903:INFO:PassiveAggressiveRegressor(C=1.0, average=False, early_stopping=False,
                           epsilon=0.1, fit_intercept=True,
                           loss='epsilon_insensitive', max_iter=1000,
                           n_iter_no_change=5, random_state=8905, shuffle=True,
                           tol=0.001, validation_fraction=0.1, verbose=0,
                           warm_start=False)
2022-10-31 21:21:57,903:INFO:create_model() succesfully completed......................................
2022-10-31 21:21:58,047:INFO:SubProcess create_model() end ==================================
2022-10-31 21:21:58,048:INFO:Creating metrics dataframe
2022-10-31 21:21:58,056:INFO:Initializing Huber Regressor
2022-10-31 21:21:58,056:INFO:Total runtime is 0.15702560345331826 minutes
2022-10-31 21:21:58,062:INFO:SubProcess create_model() called ==================================
2022-10-31 21:21:58,062:INFO:Initializing create_model()
2022-10-31 21:21:58,062:INFO:create_model(estimator=huber, fold=KFold(n_splits=10, random_state=None, shuffle=False), round=4, cross_validation=True, predict=True, fit_kwargs={}, groups=None, refit=False, verbose=False, system=False, metrics=None, experiment_custom_tags=None, add_to_model_list=True, probability_threshold=None, display=<pycaret.internal.Display.Display object at 0x7f970ee1f610>, return_train_score=False, kwargs={})
2022-10-31 21:21:58,062:INFO:Checking exceptions
2022-10-31 21:21:58,062:INFO:Importing libraries
2022-10-31 21:21:58,062:INFO:Copying training dataset
2022-10-31 21:21:58,064:INFO:Defining folds
2022-10-31 21:21:58,064:INFO:Declaring metric variables
2022-10-31 21:21:58,070:INFO:Importing untrained model
2022-10-31 21:21:58,075:INFO:Huber Regressor Imported succesfully
2022-10-31 21:21:58,084:INFO:Starting cross validation
2022-10-31 21:21:58,085:INFO:Cross validating with KFold(n_splits=10, random_state=None, shuffle=False), n_jobs=-1
2022-10-31 21:22:06,519:INFO:Calculating mean and std
2022-10-31 21:22:06,522:INFO:Creating metrics dataframe
2022-10-31 21:22:06,529:INFO:Uploading results into container
2022-10-31 21:22:06,529:INFO:Uploading model into container now
2022-10-31 21:22:06,529:INFO:create_model_container: 10
2022-10-31 21:22:06,529:INFO:master_model_container: 10
2022-10-31 21:22:06,529:INFO:display_container: 2
2022-10-31 21:22:06,530:INFO:HuberRegressor(alpha=0.0001, epsilon=1.35, fit_intercept=True, max_iter=100,
               tol=1e-05, warm_start=False)
2022-10-31 21:22:06,530:INFO:create_model() succesfully completed......................................
2022-10-31 21:22:06,710:WARNING:create_model() for HuberRegressor(alpha=0.0001, epsilon=1.35, fit_intercept=True, max_iter=100,
               tol=1e-05, warm_start=False) raised an exception or returned all 0.0, trying without fit_kwargs:
2022-10-31 21:22:06,713:WARNING:Traceback (most recent call last):
  File "/home/anand_ml/anaconda3/envs/pyc/lib/python3.8/site-packages/pycaret/internal/tabular.py", line 2205, in compare_models
    assert np.sum(model_results.iloc[0]) != 0.0
AssertionError

2022-10-31 21:22:06,713:INFO:Initializing create_model()
2022-10-31 21:22:06,713:INFO:create_model(estimator=huber, fold=KFold(n_splits=10, random_state=None, shuffle=False), round=4, cross_validation=True, predict=True, fit_kwargs={}, groups=None, refit=False, verbose=False, system=False, metrics=None, experiment_custom_tags=None, add_to_model_list=True, probability_threshold=None, display=<pycaret.internal.Display.Display object at 0x7f970ee1f610>, return_train_score=False, kwargs={})
2022-10-31 21:22:06,713:INFO:Checking exceptions
2022-10-31 21:22:06,713:INFO:Importing libraries
2022-10-31 21:22:06,713:INFO:Copying training dataset
2022-10-31 21:22:06,715:INFO:Defining folds
2022-10-31 21:22:06,716:INFO:Declaring metric variables
2022-10-31 21:22:06,721:INFO:Importing untrained model
2022-10-31 21:22:06,726:INFO:Huber Regressor Imported succesfully
2022-10-31 21:22:06,737:INFO:Starting cross validation
2022-10-31 21:22:06,737:INFO:Cross validating with KFold(n_splits=10, random_state=None, shuffle=False), n_jobs=-1
2022-10-31 21:22:14,767:INFO:Calculating mean and std
2022-10-31 21:22:14,768:INFO:Creating metrics dataframe
2022-10-31 21:22:14,772:INFO:Uploading results into container
2022-10-31 21:22:14,772:INFO:Uploading model into container now
2022-10-31 21:22:14,773:INFO:create_model_container: 11
2022-10-31 21:22:14,773:INFO:master_model_container: 11
2022-10-31 21:22:14,773:INFO:display_container: 2
2022-10-31 21:22:14,773:INFO:HuberRegressor(alpha=0.0001, epsilon=1.35, fit_intercept=True, max_iter=100,
               tol=1e-05, warm_start=False)
2022-10-31 21:22:14,773:INFO:create_model() succesfully completed......................................
2022-10-31 21:22:14,916:ERROR:create_model() for HuberRegressor(alpha=0.0001, epsilon=1.35, fit_intercept=True, max_iter=100,
               tol=1e-05, warm_start=False) raised an exception or returned all 0.0:
2022-10-31 21:22:14,916:ERROR:Traceback (most recent call last):
  File "/home/anand_ml/anaconda3/envs/pyc/lib/python3.8/site-packages/pycaret/internal/tabular.py", line 2205, in compare_models
    assert np.sum(model_results.iloc[0]) != 0.0
AssertionError

During handling of the above exception, another exception occurred:

Traceback (most recent call last):
  File "/home/anand_ml/anaconda3/envs/pyc/lib/python3.8/site-packages/pycaret/internal/tabular.py", line 2214, in compare_models
    assert np.sum(model_results.iloc[0]) != 0.0
AssertionError

2022-10-31 21:22:14,917:INFO:Initializing K Neighbors Regressor
2022-10-31 21:22:14,917:INFO:Total runtime is 0.43803132772445674 minutes
2022-10-31 21:22:14,923:INFO:SubProcess create_model() called ==================================
2022-10-31 21:22:14,923:INFO:Initializing create_model()
2022-10-31 21:22:14,923:INFO:create_model(estimator=knn, fold=KFold(n_splits=10, random_state=None, shuffle=False), round=4, cross_validation=True, predict=True, fit_kwargs={}, groups=None, refit=False, verbose=False, system=False, metrics=None, experiment_custom_tags=None, add_to_model_list=True, probability_threshold=None, display=<pycaret.internal.Display.Display object at 0x7f970ee1f610>, return_train_score=False, kwargs={})
2022-10-31 21:22:14,923:INFO:Checking exceptions
2022-10-31 21:22:14,924:INFO:Importing libraries
2022-10-31 21:22:14,924:INFO:Copying training dataset
2022-10-31 21:22:14,925:INFO:Defining folds
2022-10-31 21:22:14,925:INFO:Declaring metric variables
2022-10-31 21:22:14,930:INFO:Importing untrained model
2022-10-31 21:22:14,935:INFO:K Neighbors Regressor Imported succesfully
2022-10-31 21:22:14,944:INFO:Starting cross validation
2022-10-31 21:22:14,945:INFO:Cross validating with KFold(n_splits=10, random_state=None, shuffle=False), n_jobs=-1
2022-10-31 21:22:16,192:INFO:Calculating mean and std
2022-10-31 21:22:16,193:INFO:Creating metrics dataframe
2022-10-31 21:22:16,198:INFO:Uploading results into container
2022-10-31 21:22:16,199:INFO:Uploading model into container now
2022-10-31 21:22:16,199:INFO:create_model_container: 12
2022-10-31 21:22:16,199:INFO:master_model_container: 12
2022-10-31 21:22:16,199:INFO:display_container: 2
2022-10-31 21:22:16,199:INFO:KNeighborsRegressor(algorithm='auto', leaf_size=30, metric='minkowski',
                    metric_params=None, n_jobs=-1, n_neighbors=5, p=2,
                    weights='uniform')
2022-10-31 21:22:16,200:INFO:create_model() succesfully completed......................................
2022-10-31 21:22:16,345:INFO:SubProcess create_model() end ==================================
2022-10-31 21:22:16,345:INFO:Creating metrics dataframe
2022-10-31 21:22:16,354:INFO:Initializing Decision Tree Regressor
2022-10-31 21:22:16,354:INFO:Total runtime is 0.4619863907496134 minutes
2022-10-31 21:22:16,359:INFO:SubProcess create_model() called ==================================
2022-10-31 21:22:16,360:INFO:Initializing create_model()
2022-10-31 21:22:16,360:INFO:create_model(estimator=dt, fold=KFold(n_splits=10, random_state=None, shuffle=False), round=4, cross_validation=True, predict=True, fit_kwargs={}, groups=None, refit=False, verbose=False, system=False, metrics=None, experiment_custom_tags=None, add_to_model_list=True, probability_threshold=None, display=<pycaret.internal.Display.Display object at 0x7f970ee1f610>, return_train_score=False, kwargs={})
2022-10-31 21:22:16,360:INFO:Checking exceptions
2022-10-31 21:22:16,360:INFO:Importing libraries
2022-10-31 21:22:16,360:INFO:Copying training dataset
2022-10-31 21:22:16,362:INFO:Defining folds
2022-10-31 21:22:16,362:INFO:Declaring metric variables
2022-10-31 21:22:16,368:INFO:Importing untrained model
2022-10-31 21:22:16,373:INFO:Decision Tree Regressor Imported succesfully
2022-10-31 21:22:16,383:INFO:Starting cross validation
2022-10-31 21:22:16,383:INFO:Cross validating with KFold(n_splits=10, random_state=None, shuffle=False), n_jobs=-1
2022-10-31 21:22:18,037:INFO:Calculating mean and std
2022-10-31 21:22:18,038:INFO:Creating metrics dataframe
2022-10-31 21:22:18,043:INFO:Uploading results into container
2022-10-31 21:22:18,043:INFO:Uploading model into container now
2022-10-31 21:22:18,043:INFO:create_model_container: 13
2022-10-31 21:22:18,043:INFO:master_model_container: 13
2022-10-31 21:22:18,043:INFO:display_container: 2
2022-10-31 21:22:18,043:INFO:DecisionTreeRegressor(ccp_alpha=0.0, criterion='mse', max_depth=None,
                      max_features=None, max_leaf_nodes=None,
                      min_impurity_decrease=0.0, min_impurity_split=None,
                      min_samples_leaf=1, min_samples_split=2,
                      min_weight_fraction_leaf=0.0, presort='deprecated',
                      random_state=8905, splitter='best')
2022-10-31 21:22:18,043:INFO:create_model() succesfully completed......................................
2022-10-31 21:22:18,188:INFO:SubProcess create_model() end ==================================
2022-10-31 21:22:18,188:INFO:Creating metrics dataframe
2022-10-31 21:22:18,198:INFO:Initializing Random Forest Regressor
2022-10-31 21:22:18,198:INFO:Total runtime is 0.49271477063496905 minutes
2022-10-31 21:22:18,203:INFO:SubProcess create_model() called ==================================
2022-10-31 21:22:18,203:INFO:Initializing create_model()
2022-10-31 21:22:18,204:INFO:create_model(estimator=rf, fold=KFold(n_splits=10, random_state=None, shuffle=False), round=4, cross_validation=True, predict=True, fit_kwargs={}, groups=None, refit=False, verbose=False, system=False, metrics=None, experiment_custom_tags=None, add_to_model_list=True, probability_threshold=None, display=<pycaret.internal.Display.Display object at 0x7f970ee1f610>, return_train_score=False, kwargs={})
2022-10-31 21:22:18,204:INFO:Checking exceptions
2022-10-31 21:22:18,204:INFO:Importing libraries
2022-10-31 21:22:18,204:INFO:Copying training dataset
2022-10-31 21:22:18,205:INFO:Defining folds
2022-10-31 21:22:18,206:INFO:Declaring metric variables
2022-10-31 21:22:18,211:INFO:Importing untrained model
2022-10-31 21:22:18,216:INFO:Random Forest Regressor Imported succesfully
2022-10-31 21:22:18,226:INFO:Starting cross validation
2022-10-31 21:22:18,226:INFO:Cross validating with KFold(n_splits=10, random_state=None, shuffle=False), n_jobs=-1
2022-10-31 21:23:52,345:INFO:Calculating mean and std
2022-10-31 21:23:52,347:INFO:Creating metrics dataframe
2022-10-31 21:23:52,351:INFO:Uploading results into container
2022-10-31 21:23:52,351:INFO:Uploading model into container now
2022-10-31 21:23:52,352:INFO:create_model_container: 14
2022-10-31 21:23:52,352:INFO:master_model_container: 14
2022-10-31 21:23:52,352:INFO:display_container: 2
2022-10-31 21:23:52,352:INFO:RandomForestRegressor(bootstrap=True, ccp_alpha=0.0, criterion='mse',
                      max_depth=None, max_features='auto', max_leaf_nodes=None,
                      max_samples=None, min_impurity_decrease=0.0,
                      min_impurity_split=None, min_samples_leaf=1,
                      min_samples_split=2, min_weight_fraction_leaf=0.0,
                      n_estimators=100, n_jobs=-1, oob_score=False,
                      random_state=8905, verbose=0, warm_start=False)
2022-10-31 21:23:52,352:INFO:create_model() succesfully completed......................................
2022-10-31 21:23:52,493:INFO:SubProcess create_model() end ==================================
2022-10-31 21:23:52,493:INFO:Creating metrics dataframe
2022-10-31 21:23:52,503:INFO:Initializing Extra Trees Regressor
2022-10-31 21:23:52,503:INFO:Total runtime is 2.0644702474276224 minutes
2022-10-31 21:23:52,508:INFO:SubProcess create_model() called ==================================
2022-10-31 21:23:52,509:INFO:Initializing create_model()
2022-10-31 21:23:52,509:INFO:create_model(estimator=et, fold=KFold(n_splits=10, random_state=None, shuffle=False), round=4, cross_validation=True, predict=True, fit_kwargs={}, groups=None, refit=False, verbose=False, system=False, metrics=None, experiment_custom_tags=None, add_to_model_list=True, probability_threshold=None, display=<pycaret.internal.Display.Display object at 0x7f970ee1f610>, return_train_score=False, kwargs={})
2022-10-31 21:23:52,509:INFO:Checking exceptions
2022-10-31 21:23:52,509:INFO:Importing libraries
2022-10-31 21:23:52,509:INFO:Copying training dataset
2022-10-31 21:23:52,511:INFO:Defining folds
2022-10-31 21:23:52,511:INFO:Declaring metric variables
2022-10-31 21:23:52,515:INFO:Importing untrained model
2022-10-31 21:23:52,520:INFO:Extra Trees Regressor Imported succesfully
2022-10-31 21:23:52,529:INFO:Starting cross validation
2022-10-31 21:23:52,530:INFO:Cross validating with KFold(n_splits=10, random_state=None, shuffle=False), n_jobs=-1
2022-10-31 21:24:43,242:INFO:Calculating mean and std
2022-10-31 21:24:43,244:INFO:Creating metrics dataframe
2022-10-31 21:24:43,250:INFO:Uploading results into container
2022-10-31 21:24:43,251:INFO:Uploading model into container now
2022-10-31 21:24:43,251:INFO:create_model_container: 15
2022-10-31 21:24:43,251:INFO:master_model_container: 15
2022-10-31 21:24:43,251:INFO:display_container: 2
2022-10-31 21:24:43,251:INFO:ExtraTreesRegressor(bootstrap=False, ccp_alpha=0.0, criterion='mse',
                    max_depth=None, max_features='auto', max_leaf_nodes=None,
                    max_samples=None, min_impurity_decrease=0.0,
                    min_impurity_split=None, min_samples_leaf=1,
                    min_samples_split=2, min_weight_fraction_leaf=0.0,
                    n_estimators=100, n_jobs=-1, oob_score=False,
                    random_state=8905, verbose=0, warm_start=False)
2022-10-31 21:24:43,251:INFO:create_model() succesfully completed......................................
2022-10-31 21:24:43,415:INFO:SubProcess create_model() end ==================================
2022-10-31 21:24:43,415:INFO:Creating metrics dataframe
2022-10-31 21:24:43,425:INFO:Initializing AdaBoost Regressor
2022-10-31 21:24:43,426:INFO:Total runtime is 2.913179858525594 minutes
2022-10-31 21:24:43,431:INFO:SubProcess create_model() called ==================================
2022-10-31 21:24:43,431:INFO:Initializing create_model()
2022-10-31 21:24:43,431:INFO:create_model(estimator=ada, fold=KFold(n_splits=10, random_state=None, shuffle=False), round=4, cross_validation=True, predict=True, fit_kwargs={}, groups=None, refit=False, verbose=False, system=False, metrics=None, experiment_custom_tags=None, add_to_model_list=True, probability_threshold=None, display=<pycaret.internal.Display.Display object at 0x7f970ee1f610>, return_train_score=False, kwargs={})
2022-10-31 21:24:43,431:INFO:Checking exceptions
2022-10-31 21:24:43,431:INFO:Importing libraries
2022-10-31 21:24:43,431:INFO:Copying training dataset
2022-10-31 21:24:43,433:INFO:Defining folds
2022-10-31 21:24:43,433:INFO:Declaring metric variables
2022-10-31 21:24:43,438:INFO:Importing untrained model
2022-10-31 21:24:43,443:INFO:AdaBoost Regressor Imported succesfully
2022-10-31 21:24:43,452:INFO:Starting cross validation
2022-10-31 21:24:43,453:INFO:Cross validating with KFold(n_splits=10, random_state=None, shuffle=False), n_jobs=-1
2022-10-31 21:24:50,854:INFO:Calculating mean and std
2022-10-31 21:24:50,856:INFO:Creating metrics dataframe
2022-10-31 21:24:50,860:INFO:Uploading results into container
2022-10-31 21:24:50,860:INFO:Uploading model into container now
2022-10-31 21:24:50,860:INFO:create_model_container: 16
2022-10-31 21:24:50,860:INFO:master_model_container: 16
2022-10-31 21:24:50,860:INFO:display_container: 2
2022-10-31 21:24:50,861:INFO:AdaBoostRegressor(base_estimator=None, learning_rate=1.0, loss='linear',
                  n_estimators=50, random_state=8905)
2022-10-31 21:24:50,861:INFO:create_model() succesfully completed......................................
2022-10-31 21:24:51,007:INFO:SubProcess create_model() end ==================================
2022-10-31 21:24:51,007:INFO:Creating metrics dataframe
2022-10-31 21:24:51,018:INFO:Initializing Gradient Boosting Regressor
2022-10-31 21:24:51,018:INFO:Total runtime is 3.0397175351778665 minutes
2022-10-31 21:24:51,023:INFO:SubProcess create_model() called ==================================
2022-10-31 21:24:51,024:INFO:Initializing create_model()
2022-10-31 21:24:51,024:INFO:create_model(estimator=gbr, fold=KFold(n_splits=10, random_state=None, shuffle=False), round=4, cross_validation=True, predict=True, fit_kwargs={}, groups=None, refit=False, verbose=False, system=False, metrics=None, experiment_custom_tags=None, add_to_model_list=True, probability_threshold=None, display=<pycaret.internal.Display.Display object at 0x7f970ee1f610>, return_train_score=False, kwargs={})
2022-10-31 21:24:51,024:INFO:Checking exceptions
2022-10-31 21:24:51,024:INFO:Importing libraries
2022-10-31 21:24:51,024:INFO:Copying training dataset
2022-10-31 21:24:51,025:INFO:Defining folds
2022-10-31 21:24:51,025:INFO:Declaring metric variables
2022-10-31 21:24:51,030:INFO:Importing untrained model
2022-10-31 21:24:51,035:INFO:Gradient Boosting Regressor Imported succesfully
2022-10-31 21:24:51,045:INFO:Starting cross validation
2022-10-31 21:24:51,046:INFO:Cross validating with KFold(n_splits=10, random_state=None, shuffle=False), n_jobs=-1
2022-10-31 21:25:24,193:INFO:Calculating mean and std
2022-10-31 21:25:24,195:INFO:Creating metrics dataframe
2022-10-31 21:25:24,201:INFO:Uploading results into container
2022-10-31 21:25:24,201:INFO:Uploading model into container now
2022-10-31 21:25:24,201:INFO:create_model_container: 17
2022-10-31 21:25:24,201:INFO:master_model_container: 17
2022-10-31 21:25:24,201:INFO:display_container: 2
2022-10-31 21:25:24,202:INFO:GradientBoostingRegressor(alpha=0.9, ccp_alpha=0.0, criterion='friedman_mse',
                          init=None, learning_rate=0.1, loss='ls', max_depth=3,
                          max_features=None, max_leaf_nodes=None,
                          min_impurity_decrease=0.0, min_impurity_split=None,
                          min_samples_leaf=1, min_samples_split=2,
                          min_weight_fraction_leaf=0.0, n_estimators=100,
                          n_iter_no_change=None, presort='deprecated',
                          random_state=8905, subsample=1.0, tol=0.0001,
                          validation_fraction=0.1, verbose=0, warm_start=False)
2022-10-31 21:25:24,202:INFO:create_model() succesfully completed......................................
2022-10-31 21:25:24,364:INFO:SubProcess create_model() end ==================================
2022-10-31 21:25:24,364:INFO:Creating metrics dataframe
2022-10-31 21:25:24,374:INFO:Initializing Extreme Gradient Boosting
2022-10-31 21:25:24,374:INFO:Total runtime is 3.595649047692617 minutes
2022-10-31 21:25:24,379:INFO:SubProcess create_model() called ==================================
2022-10-31 21:25:24,380:INFO:Initializing create_model()
2022-10-31 21:25:24,380:INFO:create_model(estimator=xgboost, fold=KFold(n_splits=10, random_state=None, shuffle=False), round=4, cross_validation=True, predict=True, fit_kwargs={}, groups=None, refit=False, verbose=False, system=False, metrics=None, experiment_custom_tags=None, add_to_model_list=True, probability_threshold=None, display=<pycaret.internal.Display.Display object at 0x7f970ee1f610>, return_train_score=False, kwargs={})
2022-10-31 21:25:24,380:INFO:Checking exceptions
2022-10-31 21:25:24,380:INFO:Importing libraries
2022-10-31 21:25:24,380:INFO:Copying training dataset
2022-10-31 21:25:24,382:INFO:Defining folds
2022-10-31 21:25:24,382:INFO:Declaring metric variables
2022-10-31 21:25:24,387:INFO:Importing untrained model
2022-10-31 21:25:24,393:INFO:Extreme Gradient Boosting Imported succesfully
2022-10-31 21:25:24,403:INFO:Starting cross validation
2022-10-31 21:25:24,404:INFO:Cross validating with KFold(n_splits=10, random_state=None, shuffle=False), n_jobs=-1
2022-10-31 21:25:42,450:INFO:Calculating mean and std
2022-10-31 21:25:42,452:INFO:Creating metrics dataframe
2022-10-31 21:25:42,456:INFO:Uploading results into container
2022-10-31 21:25:42,456:INFO:Uploading model into container now
2022-10-31 21:25:42,457:INFO:create_model_container: 18
2022-10-31 21:25:42,457:INFO:master_model_container: 18
2022-10-31 21:25:42,457:INFO:display_container: 2
2022-10-31 21:25:42,458:INFO:XGBRegressor(base_score=None, booster='gbtree', callbacks=None,
             colsample_bylevel=None, colsample_bynode=None,
             colsample_bytree=None, early_stopping_rounds=None,
             enable_categorical=False, eval_metric=None, gamma=None,
             gpu_id=None, grow_policy=None, importance_type=None,
             interaction_constraints=None, learning_rate=None, max_bin=None,
             max_cat_to_onehot=None, max_delta_step=None, max_depth=None,
             max_leaves=None, min_child_weight=None, missing=nan,
             monotone_constraints=None, n_estimators=100, n_jobs=-1,
             num_parallel_tree=None, objective='reg:squarederror',
             predictor=None, random_state=8905, reg_alpha=None, ...)
2022-10-31 21:25:42,458:INFO:create_model() succesfully completed......................................
2022-10-31 21:25:42,605:INFO:SubProcess create_model() end ==================================
2022-10-31 21:25:42,605:INFO:Creating metrics dataframe
2022-10-31 21:25:42,614:INFO:Initializing Light Gradient Boosting Machine
2022-10-31 21:25:42,614:INFO:Total runtime is 3.8996565341949463 minutes
2022-10-31 21:25:42,620:INFO:SubProcess create_model() called ==================================
2022-10-31 21:25:42,620:INFO:Initializing create_model()
2022-10-31 21:25:42,620:INFO:create_model(estimator=lightgbm, fold=KFold(n_splits=10, random_state=None, shuffle=False), round=4, cross_validation=True, predict=True, fit_kwargs={}, groups=None, refit=False, verbose=False, system=False, metrics=None, experiment_custom_tags=None, add_to_model_list=True, probability_threshold=None, display=<pycaret.internal.Display.Display object at 0x7f970ee1f610>, return_train_score=False, kwargs={})
2022-10-31 21:25:42,620:INFO:Checking exceptions
2022-10-31 21:25:42,620:INFO:Importing libraries
2022-10-31 21:25:42,620:INFO:Copying training dataset
2022-10-31 21:25:42,622:INFO:Defining folds
2022-10-31 21:25:42,622:INFO:Declaring metric variables
2022-10-31 21:25:42,627:INFO:Importing untrained model
2022-10-31 21:25:42,633:INFO:Light Gradient Boosting Machine Imported succesfully
2022-10-31 21:25:42,643:INFO:Starting cross validation
2022-10-31 21:25:42,644:INFO:Cross validating with KFold(n_splits=10, random_state=None, shuffle=False), n_jobs=-1
2022-10-31 21:25:47,161:INFO:Calculating mean and std
2022-10-31 21:25:47,163:INFO:Creating metrics dataframe
2022-10-31 21:25:47,167:INFO:Uploading results into container
2022-10-31 21:25:47,167:INFO:Uploading model into container now
2022-10-31 21:25:47,167:INFO:create_model_container: 19
2022-10-31 21:25:47,168:INFO:master_model_container: 19
2022-10-31 21:25:47,168:INFO:display_container: 2
2022-10-31 21:25:47,168:INFO:LGBMRegressor(boosting_type='gbdt', class_weight=None, colsample_bytree=1.0,
              importance_type='split', learning_rate=0.1, max_depth=-1,
              min_child_samples=20, min_child_weight=0.001, min_split_gain=0.0,
              n_estimators=100, n_jobs=-1, num_leaves=31, objective=None,
              random_state=8905, reg_alpha=0.0, reg_lambda=0.0, silent='warn',
              subsample=1.0, subsample_for_bin=200000, subsample_freq=0)
2022-10-31 21:25:47,168:INFO:create_model() succesfully completed......................................
2022-10-31 21:25:47,308:INFO:SubProcess create_model() end ==================================
2022-10-31 21:25:47,308:INFO:Creating metrics dataframe
2022-10-31 21:25:47,321:INFO:Initializing CatBoost Regressor
2022-10-31 21:25:47,322:INFO:Total runtime is 3.9781158526738483 minutes
2022-10-31 21:25:47,327:INFO:SubProcess create_model() called ==================================
2022-10-31 21:25:47,328:INFO:Initializing create_model()
2022-10-31 21:25:47,328:INFO:create_model(estimator=catboost, fold=KFold(n_splits=10, random_state=None, shuffle=False), round=4, cross_validation=True, predict=True, fit_kwargs={}, groups=None, refit=False, verbose=False, system=False, metrics=None, experiment_custom_tags=None, add_to_model_list=True, probability_threshold=None, display=<pycaret.internal.Display.Display object at 0x7f970ee1f610>, return_train_score=False, kwargs={})
2022-10-31 21:25:47,328:INFO:Checking exceptions
2022-10-31 21:25:47,328:INFO:Importing libraries
2022-10-31 21:25:47,328:INFO:Copying training dataset
2022-10-31 21:25:47,329:INFO:Defining folds
2022-10-31 21:25:47,330:INFO:Declaring metric variables
2022-10-31 21:25:47,334:INFO:Importing untrained model
2022-10-31 21:25:47,341:INFO:CatBoost Regressor Imported succesfully
2022-10-31 21:25:47,350:INFO:Starting cross validation
2022-10-31 21:25:47,352:INFO:Cross validating with KFold(n_splits=10, random_state=None, shuffle=False), n_jobs=-1
2022-10-31 21:28:55,804:INFO:Calculating mean and std
2022-10-31 21:28:55,805:INFO:Creating metrics dataframe
2022-10-31 21:28:55,808:INFO:Uploading results into container
2022-10-31 21:28:55,809:INFO:Uploading model into container now
2022-10-31 21:28:55,809:INFO:create_model_container: 20
2022-10-31 21:28:55,809:INFO:master_model_container: 20
2022-10-31 21:28:55,809:INFO:display_container: 2
2022-10-31 21:28:55,809:INFO:<catboost.core.CatBoostRegressor object at 0x7f970edd1e20>
2022-10-31 21:28:55,809:INFO:create_model() succesfully completed......................................
2022-10-31 21:28:55,960:INFO:SubProcess create_model() end ==================================
2022-10-31 21:28:55,960:INFO:Creating metrics dataframe
2022-10-31 21:28:55,972:INFO:Initializing Dummy Regressor
2022-10-31 21:28:55,972:INFO:Total runtime is 7.122283601760865 minutes
2022-10-31 21:28:55,978:INFO:SubProcess create_model() called ==================================
2022-10-31 21:28:55,978:INFO:Initializing create_model()
2022-10-31 21:28:55,978:INFO:create_model(estimator=dummy, fold=KFold(n_splits=10, random_state=None, shuffle=False), round=4, cross_validation=True, predict=True, fit_kwargs={}, groups=None, refit=False, verbose=False, system=False, metrics=None, experiment_custom_tags=None, add_to_model_list=True, probability_threshold=None, display=<pycaret.internal.Display.Display object at 0x7f970ee1f610>, return_train_score=False, kwargs={})
2022-10-31 21:28:55,979:INFO:Checking exceptions
2022-10-31 21:28:55,979:INFO:Importing libraries
2022-10-31 21:28:55,979:INFO:Copying training dataset
2022-10-31 21:28:55,981:INFO:Defining folds
2022-10-31 21:28:55,982:INFO:Declaring metric variables
2022-10-31 21:28:55,991:INFO:Importing untrained model
2022-10-31 21:28:56,010:INFO:Dummy Regressor Imported succesfully
2022-10-31 21:28:56,025:INFO:Starting cross validation
2022-10-31 21:28:56,026:INFO:Cross validating with KFold(n_splits=10, random_state=None, shuffle=False), n_jobs=-1
2022-10-31 21:28:56,196:INFO:Calculating mean and std
2022-10-31 21:28:56,197:INFO:Creating metrics dataframe
2022-10-31 21:28:56,201:INFO:Uploading results into container
2022-10-31 21:28:56,201:INFO:Uploading model into container now
2022-10-31 21:28:56,201:INFO:create_model_container: 21
2022-10-31 21:28:56,201:INFO:master_model_container: 21
2022-10-31 21:28:56,201:INFO:display_container: 2
2022-10-31 21:28:56,201:INFO:DummyRegressor(constant=None, quantile=None, strategy='mean')
2022-10-31 21:28:56,201:INFO:create_model() succesfully completed......................................
2022-10-31 21:28:56,377:INFO:SubProcess create_model() end ==================================
2022-10-31 21:28:56,377:INFO:Creating metrics dataframe
2022-10-31 21:28:56,403:INFO:Initializing create_model()
2022-10-31 21:28:56,403:INFO:create_model(estimator=XGBRegressor(base_score=None, booster='gbtree', callbacks=None,
             colsample_bylevel=None, colsample_bynode=None,
             colsample_bytree=None, early_stopping_rounds=None,
             enable_categorical=False, eval_metric=None, gamma=None,
             gpu_id=None, grow_policy=None, importance_type=None,
             interaction_constraints=None, learning_rate=None, max_bin=None,
             max_cat_to_onehot=None, max_delta_step=None, max_depth=None,
             max_leaves=None, min_child_weight=None, missing=nan,
             monotone_constraints=None, n_estimators=100, n_jobs=-1,
             num_parallel_tree=None, objective='reg:squarederror',
             predictor=None, random_state=8905, reg_alpha=None, ...), fold=KFold(n_splits=10, random_state=None, shuffle=False), round=4, cross_validation=False, predict=False, fit_kwargs={}, groups=None, refit=True, verbose=False, system=False, metrics=None, experiment_custom_tags=None, add_to_model_list=True, probability_threshold=None, display=None, return_train_score=False, kwargs={})
2022-10-31 21:28:56,403:INFO:Checking exceptions
2022-10-31 21:28:56,403:INFO:Importing libraries
2022-10-31 21:28:56,403:INFO:Copying training dataset
2022-10-31 21:28:56,405:INFO:Defining folds
2022-10-31 21:28:56,406:INFO:Declaring metric variables
2022-10-31 21:28:56,406:INFO:Importing untrained model
2022-10-31 21:28:56,406:INFO:Declaring custom model
2022-10-31 21:28:56,407:INFO:Extreme Gradient Boosting Imported succesfully
2022-10-31 21:28:56,408:INFO:Cross validation set to False
2022-10-31 21:28:56,408:INFO:Fitting Model
2022-10-31 21:28:59,641:INFO:XGBRegressor(base_score=0.5, booster='gbtree', callbacks=None,
             colsample_bylevel=1, colsample_bynode=1, colsample_bytree=1,
             early_stopping_rounds=None, enable_categorical=False,
             eval_metric=None, gamma=0, gpu_id=-1, grow_policy='depthwise',
             importance_type=None, interaction_constraints='',
             learning_rate=0.300000012, max_bin=256, max_cat_to_onehot=4,
             max_delta_step=0, max_depth=6, max_leaves=0, min_child_weight=1,
             missing=nan, monotone_constraints='()', n_estimators=100,
             n_jobs=-1, num_parallel_tree=1, objective='reg:squarederror',
             predictor='auto', random_state=8905, reg_alpha=0, ...)
2022-10-31 21:28:59,641:INFO:create_models() succesfully completed......................................
2022-10-31 21:28:59,820:INFO:create_model_container: 21
2022-10-31 21:28:59,821:INFO:master_model_container: 21
2022-10-31 21:28:59,821:INFO:display_container: 2
2022-10-31 21:28:59,823:INFO:XGBRegressor(base_score=0.5, booster='gbtree', callbacks=None,
             colsample_bylevel=1, colsample_bynode=1, colsample_bytree=1,
             early_stopping_rounds=None, enable_categorical=False,
             eval_metric=None, gamma=0, gpu_id=-1, grow_policy='depthwise',
             importance_type=None, interaction_constraints='',
             learning_rate=0.300000012, max_bin=256, max_cat_to_onehot=4,
             max_delta_step=0, max_depth=6, max_leaves=0, min_child_weight=1,
             missing=nan, monotone_constraints='()', n_estimators=100,
             n_jobs=-1, num_parallel_tree=1, objective='reg:squarederror',
             predictor='auto', random_state=8905, reg_alpha=0, ...)
2022-10-31 21:28:59,823:INFO:compare_models() succesfully completed......................................
